2018-08-01T09:19:40 [main] INFO  com.axisrooms.mistay.MiStayOtaApplication logStarting(48) - Starting MiStayOtaApplication on tech-Latitude-3480 with PID 21790 (/home/tech/WORKSPACE/mistayMicroService/out/production/classes started by tech in /home/tech/WORKSPACE/mistayMicroService)
2018-08-01T09:19:40 [main] INFO  com.axisrooms.mistay.MiStayOtaApplication logStartupProfileInfo(593) - No active profile set, falling back to default profiles: default
2018-08-01T09:19:45 [main] INFO  com.axisrooms.mistay.MiStayOtaApplication logStarted(57) - Started MiStayOtaApplication in 5.103 seconds (JVM running for 5.701)
2018-08-01T09:20:19 [http-nio-61151-exec-1] INFO  com.axisrooms.mistay.manager.MiStayOtaManager getProductInfo(282) - Input request to fetch rooms: -> {"auth":{"key":"yeZ1fXSKfVL2xdXtqvAhrw=="},"propertyId":"MST-112"}
2018-08-01T09:20:20 [http-nio-61151-exec-1] INFO  com.axisrooms.mistay.manager.MiStayOtaManager getProductInfo(289) - Axisrooms ota getRooms Response={"status":"success","message":"successfully fetched the data","data":[{"name":"Deluxe","id":"DLX"}]}
2018-08-01T09:21:20 [http-nio-61151-exec-4] INFO  com.axisrooms.mistay.manager.MiStayOtaManager getProductInfo(282) - Input request to fetch rooms: -> {"auth":{"key":"yeZ1fXSKfVL2xdXtqvAhrw=="},"propertyId":"MST-112"}
2018-08-01T09:21:20 [http-nio-61151-exec-4] INFO  com.axisrooms.mistay.manager.MiStayOtaManager getProductInfo(289) - Axisrooms ota getRooms Response={"status":"success","message":"successfully fetched the data","data":[{"name":"Deluxe","id":"DLX"}]}
2018-08-01T09:29:08 [main] INFO  com.axisrooms.mistay.MiStayOtaApplication logStarting(48) - Starting MiStayOtaApplication on tech-Latitude-3480 with PID 22099 (/home/tech/WORKSPACE/mistayMicroService/out/production/classes started by tech in /home/tech/WORKSPACE/mistayMicroService)
2018-08-01T09:29:09 [main] INFO  com.axisrooms.mistay.MiStayOtaApplication logStartupProfileInfo(593) - No active profile set, falling back to default profiles: default
2018-08-01T09:29:14 [main] INFO  com.axisrooms.mistay.MiStayOtaApplication logStarted(57) - Started MiStayOtaApplication in 5.555 seconds (JVM running for 6.228)
2018-08-01T09:29:27 [http-nio-61151-exec-1] INFO  com.axisrooms.mistay.controller.MiStayOta updateInventory(102) - inside update inventory api for Mistay ota
2018-08-01T09:29:27 [http-nio-61151-exec-1] INFO  com.axisrooms.mistay.manager.MiStayOtaManager updateInventory(101) - update inventory request:: {"auth":{"key":"yeZ1fXSKfVL2xdXtqvAhrw=="},"data":{"inventory":[{"endDate":"2018-08-05","free":1,"startDate":"2018-08-02"}],"propertyId":"MST-112","roomId":"DLX"}}
2018-08-01T09:29:27 [http-nio-61151-exec-1] INFO  com.axisrooms.mistay.manager.MiStayOtaManager updateInventory(109) - Response for update inventory.....{"status":"success","message":"successfully updated the inventory"}
2018-08-01T09:35:01 [http-nio-61151-exec-3] INFO  com.axisrooms.mistay.controller.MiStayOta updateInventory(102) - inside update inventory api for Mistay ota
2018-08-01T09:35:01 [http-nio-61151-exec-3] INFO  com.axisrooms.mistay.manager.MiStayOtaManager updateInventory(101) - update inventory request:: {"auth":{"key":"yeZ1fXSKfVL2xdXtqvAhrw=="},"data":{"inventory":[{"endDate":"2018-08-05","free":1,"startDate":"2018-08-02"}],"propertyId":"MST-112","roomId":"DLX"}}
2018-08-01T09:35:11 [http-nio-61151-exec-3] ERROR com.axisrooms.mistay.controller.MiStayOta updateInventory(108) - Encountered exception while update inventory
org.springframework.web.client.ResourceAccessException: I/O error on POST request for "http://pluto.mistay.in/channel-api/v1/axisrooms/availability/": Read timed out; nested exception is java.net.SocketTimeoutException: Read timed out
	at org.springframework.web.client.RestTemplate.doExecute(RestTemplate.java:673)
	at org.springframework.web.client.RestTemplate.execute(RestTemplate.java:620)
	at org.springframework.web.client.RestTemplate.postForEntity(RestTemplate.java:414)
	at com.axisrooms.mistay.manager.MiStayOtaManager.updateInventory(MiStayOtaManager.java:107)
	at com.axisrooms.mistay.controller.MiStayOta.updateInventory(MiStayOta.java:105)
	at sun.reflect.NativeMethodAccessorImpl.invoke0(Native Method)
	at sun.reflect.NativeMethodAccessorImpl.invoke(NativeMethodAccessorImpl.java:62)
	at sun.reflect.DelegatingMethodAccessorImpl.invoke(DelegatingMethodAccessorImpl.java:43)
	at java.lang.reflect.Method.invoke(Method.java:498)
	at org.springframework.web.method.support.InvocableHandlerMethod.doInvoke(InvocableHandlerMethod.java:205)
	at org.springframework.web.method.support.InvocableHandlerMethod.invokeForRequest(InvocableHandlerMethod.java:133)
	at org.springframework.web.servlet.mvc.method.annotation.ServletInvocableHandlerMethod.invokeAndHandle(ServletInvocableHandlerMethod.java:97)
	at org.springframework.web.servlet.mvc.method.annotation.RequestMappingHandlerAdapter.invokeHandlerMethod(RequestMappingHandlerAdapter.java:827)
	at org.springframework.web.servlet.mvc.method.annotation.RequestMappingHandlerAdapter.handleInternal(RequestMappingHandlerAdapter.java:738)
	at org.springframework.web.servlet.mvc.method.AbstractHandlerMethodAdapter.handle(AbstractHandlerMethodAdapter.java:85)
	at org.springframework.web.servlet.DispatcherServlet.doDispatch(DispatcherServlet.java:967)
	at org.springframework.web.servlet.DispatcherServlet.doService(DispatcherServlet.java:901)
	at org.springframework.web.servlet.FrameworkServlet.processRequest(FrameworkServlet.java:970)
	at org.springframework.web.servlet.FrameworkServlet.doPost(FrameworkServlet.java:872)
	at javax.servlet.http.HttpServlet.service(HttpServlet.java:661)
	at org.springframework.web.servlet.FrameworkServlet.service(FrameworkServlet.java:846)
	at javax.servlet.http.HttpServlet.service(HttpServlet.java:742)
	at org.apache.catalina.core.ApplicationFilterChain.internalDoFilter(ApplicationFilterChain.java:231)
	at org.apache.catalina.core.ApplicationFilterChain.doFilter(ApplicationFilterChain.java:166)
	at org.apache.tomcat.websocket.server.WsFilter.doFilter(WsFilter.java:52)
	at org.apache.catalina.core.ApplicationFilterChain.internalDoFilter(ApplicationFilterChain.java:193)
	at org.apache.catalina.core.ApplicationFilterChain.doFilter(ApplicationFilterChain.java:166)
	at org.springframework.web.filter.RequestContextFilter.doFilterInternal(RequestContextFilter.java:99)
	at org.springframework.web.filter.OncePerRequestFilter.doFilter(OncePerRequestFilter.java:107)
	at org.apache.catalina.core.ApplicationFilterChain.internalDoFilter(ApplicationFilterChain.java:193)
	at org.apache.catalina.core.ApplicationFilterChain.doFilter(ApplicationFilterChain.java:166)
	at org.springframework.web.filter.HttpPutFormContentFilter.doFilterInternal(HttpPutFormContentFilter.java:108)
	at org.springframework.web.filter.OncePerRequestFilter.doFilter(OncePerRequestFilter.java:107)
	at org.apache.catalina.core.ApplicationFilterChain.internalDoFilter(ApplicationFilterChain.java:193)
	at org.apache.catalina.core.ApplicationFilterChain.doFilter(ApplicationFilterChain.java:166)
	at org.springframework.web.filter.HiddenHttpMethodFilter.doFilterInternal(HiddenHttpMethodFilter.java:81)
	at org.springframework.web.filter.OncePerRequestFilter.doFilter(OncePerRequestFilter.java:107)
	at org.apache.catalina.core.ApplicationFilterChain.internalDoFilter(ApplicationFilterChain.java:193)
	at org.apache.catalina.core.ApplicationFilterChain.doFilter(ApplicationFilterChain.java:166)
	at org.springframework.web.filter.CharacterEncodingFilter.doFilterInternal(CharacterEncodingFilter.java:197)
	at org.springframework.web.filter.OncePerRequestFilter.doFilter(OncePerRequestFilter.java:107)
	at org.apache.catalina.core.ApplicationFilterChain.internalDoFilter(ApplicationFilterChain.java:193)
	at org.apache.catalina.core.ApplicationFilterChain.doFilter(ApplicationFilterChain.java:166)
	at org.apache.catalina.core.StandardWrapperValve.invoke(StandardWrapperValve.java:199)
	at org.apache.catalina.core.StandardContextValve.invoke(StandardContextValve.java:96)
	at org.apache.catalina.authenticator.AuthenticatorBase.invoke(AuthenticatorBase.java:478)
	at org.apache.catalina.core.StandardHostValve.invoke(StandardHostValve.java:140)
	at org.apache.catalina.valves.ErrorReportValve.invoke(ErrorReportValve.java:81)
	at org.apache.catalina.core.StandardEngineValve.invoke(StandardEngineValve.java:87)
	at org.apache.catalina.connector.CoyoteAdapter.service(CoyoteAdapter.java:342)
	at org.apache.coyote.http11.Http11Processor.service(Http11Processor.java:803)
	at org.apache.coyote.AbstractProcessorLight.process(AbstractProcessorLight.java:66)
	at org.apache.coyote.AbstractProtocol$ConnectionHandler.process(AbstractProtocol.java:868)
	at org.apache.tomcat.util.net.NioEndpoint$SocketProcessor.doRun(NioEndpoint.java:1459)
	at org.apache.tomcat.util.net.SocketProcessorBase.run(SocketProcessorBase.java:49)
	at java.util.concurrent.ThreadPoolExecutor.runWorker(ThreadPoolExecutor.java:1149)
	at java.util.concurrent.ThreadPoolExecutor$Worker.run(ThreadPoolExecutor.java:624)
	at org.apache.tomcat.util.threads.TaskThread$WrappingRunnable.run(TaskThread.java:61)
	at java.lang.Thread.run(Thread.java:748)
Caused by: java.net.SocketTimeoutException: Read timed out
	at java.net.SocketInputStream.socketRead0(Native Method)
	at java.net.SocketInputStream.socketRead(SocketInputStream.java:116)
	at java.net.SocketInputStream.read(SocketInputStream.java:171)
	at java.net.SocketInputStream.read(SocketInputStream.java:141)
	at org.apache.http.impl.conn.LoggingInputStream.read(LoggingInputStream.java:84)
	at org.apache.http.impl.io.SessionInputBufferImpl.streamRead(SessionInputBufferImpl.java:137)
	at org.apache.http.impl.io.SessionInputBufferImpl.fillBuffer(SessionInputBufferImpl.java:153)
	at org.apache.http.impl.io.SessionInputBufferImpl.readLine(SessionInputBufferImpl.java:282)
	at org.apache.http.impl.conn.DefaultHttpResponseParser.parseHead(DefaultHttpResponseParser.java:138)
	at org.apache.http.impl.conn.DefaultHttpResponseParser.parseHead(DefaultHttpResponseParser.java:56)
	at org.apache.http.impl.io.AbstractMessageParser.parse(AbstractMessageParser.java:259)
	at org.apache.http.impl.DefaultBHttpClientConnection.receiveResponseHeader(DefaultBHttpClientConnection.java:163)
	at org.apache.http.impl.conn.CPoolProxy.receiveResponseHeader(CPoolProxy.java:165)
	at org.apache.http.protocol.HttpRequestExecutor.doReceiveResponse(HttpRequestExecutor.java:273)
	at org.apache.http.protocol.HttpRequestExecutor.execute(HttpRequestExecutor.java:125)
	at org.apache.http.impl.execchain.MainClientExec.execute(MainClientExec.java:272)
	at org.apache.http.impl.execchain.ProtocolExec.execute(ProtocolExec.java:185)
	at org.apache.http.impl.execchain.RetryExec.execute(RetryExec.java:89)
	at org.apache.http.impl.execchain.RedirectExec.execute(RedirectExec.java:111)
	at org.apache.http.impl.client.InternalHttpClient.doExecute(InternalHttpClient.java:185)
	at org.apache.http.impl.client.CloseableHttpClient.execute(CloseableHttpClient.java:83)
	at org.apache.http.impl.client.CloseableHttpClient.execute(CloseableHttpClient.java:56)
	at org.springframework.http.client.HttpComponentsClientHttpRequest.executeInternal(HttpComponentsClientHttpRequest.java:89)
	at org.springframework.http.client.AbstractBufferingClientHttpRequest.executeInternal(AbstractBufferingClientHttpRequest.java:48)
	at org.springframework.http.client.AbstractClientHttpRequest.execute(AbstractClientHttpRequest.java:53)
	at org.springframework.web.client.RestTemplate.doExecute(RestTemplate.java:659)
	... 58 common frames omitted
2018-08-01T09:35:16 [http-nio-61151-exec-4] INFO  com.axisrooms.mistay.controller.MiStayOta updateInventory(102) - inside update inventory api for Mistay ota
2018-08-01T09:35:16 [http-nio-61151-exec-4] INFO  com.axisrooms.mistay.manager.MiStayOtaManager updateInventory(101) - update inventory request:: {"auth":{"key":"yeZ1fXSKfVL2xdXtqvAhrw=="},"data":{"inventory":[{"endDate":"2018-08-05","free":1,"startDate":"2018-08-02"}],"propertyId":"MST-112","roomId":"DLX"}}
2018-08-01T09:35:16 [http-nio-61151-exec-4] INFO  com.axisrooms.mistay.manager.MiStayOtaManager updateInventory(109) - Response for update inventory.....{"status":"success","message":"successfully updated the inventory"}
2018-08-01T09:35:18 [http-nio-61151-exec-5] INFO  com.axisrooms.mistay.controller.MiStayOta updateInventory(102) - inside update inventory api for Mistay ota
2018-08-01T09:35:18 [http-nio-61151-exec-5] INFO  com.axisrooms.mistay.manager.MiStayOtaManager updateInventory(101) - update inventory request:: {"auth":{"key":"yeZ1fXSKfVL2xdXtqvAhrw=="},"data":{"inventory":[{"endDate":"2018-08-05","free":1,"startDate":"2018-08-02"}],"propertyId":"MST-112","roomId":"DLX"}}
2018-08-01T09:35:19 [http-nio-61151-exec-5] INFO  com.axisrooms.mistay.manager.MiStayOtaManager updateInventory(109) - Response for update inventory.....{"status":"success","message":"successfully updated the inventory"}
2018-08-01T09:35:20 [http-nio-61151-exec-6] INFO  com.axisrooms.mistay.controller.MiStayOta updateInventory(102) - inside update inventory api for Mistay ota
2018-08-01T09:35:20 [http-nio-61151-exec-6] INFO  com.axisrooms.mistay.manager.MiStayOtaManager updateInventory(101) - update inventory request:: {"auth":{"key":"yeZ1fXSKfVL2xdXtqvAhrw=="},"data":{"inventory":[{"endDate":"2018-08-05","free":1,"startDate":"2018-08-02"}],"propertyId":"MST-112","roomId":"DLX"}}
2018-08-01T09:35:20 [http-nio-61151-exec-6] INFO  com.axisrooms.mistay.manager.MiStayOtaManager updateInventory(109) - Response for update inventory.....{"status":"success","message":"successfully updated the inventory"}
2018-08-01T09:35:22 [http-nio-61151-exec-7] INFO  com.axisrooms.mistay.controller.MiStayOta updateInventory(102) - inside update inventory api for Mistay ota
2018-08-01T09:35:22 [http-nio-61151-exec-7] INFO  com.axisrooms.mistay.manager.MiStayOtaManager updateInventory(101) - update inventory request:: {"auth":{"key":"yeZ1fXSKfVL2xdXtqvAhrw=="},"data":{"inventory":[{"endDate":"2018-08-05","free":1,"startDate":"2018-08-02"}],"propertyId":"MST-112","roomId":"DLX"}}
2018-08-01T09:35:22 [http-nio-61151-exec-7] INFO  com.axisrooms.mistay.manager.MiStayOtaManager updateInventory(109) - Response for update inventory.....{"status":"success","message":"successfully updated the inventory"}
2018-08-01T09:38:16 [http-nio-61151-exec-9] INFO  com.axisrooms.mistay.manager.MiStayOtaManager getProductInfo(282) - Input request to fetch rooms: -> {"auth":{"key":"yeZ1fXSKfVL2xdXtqvAhrw=="},"propertyId":"MST-112"}
2018-08-01T09:38:16 [http-nio-61151-exec-9] INFO  com.axisrooms.mistay.manager.MiStayOtaManager getProductInfo(289) - Axisrooms ota getRooms Response={"status":"success","message":"successfully fetched the data","data":[{"name":"Deluxe","id":"DLX"}]}
2018-08-01T09:38:21 [http-nio-61151-exec-8] INFO  com.axisrooms.mistay.manager.MiStayOtaManager getProductInfo(282) - Input request to fetch rooms: -> {"auth":{"key":"yeZ1fXSKfVL2xdXtqvAhrw=="},"propertyId":"MST-112"}
2018-08-01T09:38:21 [http-nio-61151-exec-8] INFO  com.axisrooms.mistay.manager.MiStayOtaManager getProductInfo(289) - Axisrooms ota getRooms Response={"status":"success","message":"successfully fetched the data","data":[{"name":"Deluxe","id":"DLX"}]}
2018-08-01T09:38:22 [http-nio-61151-exec-1] INFO  com.axisrooms.mistay.manager.MiStayOtaManager getProductInfo(282) - Input request to fetch rooms: -> {"auth":{"key":"yeZ1fXSKfVL2xdXtqvAhrw=="},"propertyId":"MST-112"}
2018-08-01T09:38:22 [http-nio-61151-exec-1] INFO  com.axisrooms.mistay.manager.MiStayOtaManager getProductInfo(289) - Axisrooms ota getRooms Response={"status":"success","message":"successfully fetched the data","data":[{"name":"Deluxe","id":"DLX"}]}
2018-08-01T09:38:33 [http-nio-61151-exec-2] INFO  com.axisrooms.mistay.controller.MiStayOta updateInventory(102) - inside update inventory api for Mistay ota
2018-08-01T09:38:33 [http-nio-61151-exec-2] INFO  com.axisrooms.mistay.manager.MiStayOtaManager updateInventory(101) - update inventory request:: {"auth":{"key":"yeZ1fXSKfVL2xdXtqvAhrw=="},"data":{"inventory":[{"endDate":"2018-08-05","free":1,"startDate":"2018-08-02"}],"propertyId":"MST-112","roomId":"DLX"}}
2018-08-01T09:38:33 [http-nio-61151-exec-2] INFO  com.axisrooms.mistay.manager.MiStayOtaManager updateInventory(109) - Response for update inventory.....{"status":"success","message":"successfully updated the inventory"}
